================================================================================
=== ОТЧЕТ ПО ОШИБКАМ I2C: TRANSFER ACK ERROR ===
================================================================================
Всего найдено ошибок: 80
================================================================================

================================================================================
===+++ НАЙДЕНА ОШИБКА I2C: TRANSFER ACK ERROR +++===
================================================================================
⌈ Адрес: 10
⌈ Номер I2C контроллера: 4
⌈ Тактовая частота контроллера: 24960000 Гц
⌈ Целевая скорость шины: 400000 бит/с
⌈ Длина передачи: 80 байт
================================================================================
===----- КОНЕЦ ОШИБКИ I2C: TRANSFER ACK ERROR ------===
================================================================================

================================================================================
===+++ НАЙДЕНА ОШИБКА I2C: TRANSFER ACK ERROR +++===
================================================================================
⌈ Адрес: 10
⌈ Номер I2C контроллера: 4
⌈ Тактовая частота контроллера: 24960000 Гц
⌈ Целевая скорость шины: 400000 бит/с
⌈ Длина передачи: 20 байт
================================================================================
===----- КОНЕЦ ОШИБКИ I2C: TRANSFER ACK ERROR ------===
================================================================================

================================================================================
===+++ НАЙДЕНА ОШИБКА I2C: TRANSFER ACK ERROR +++===
================================================================================
⌈ Адрес: 40 (Ошибка задней камеры)
⌈ Номер I2C контроллера: 0
⌈ Тактовая частота контроллера: 24960000 Гц
⌈ Целевая скорость шины: 400000 бит/с
⌈ Длина передачи: 2 байт
================================================================================
===----- КОНЕЦ ОШИБКИ I2C: TRANSFER ACK ERROR ------===
================================================================================

================================================================================
===+++ НАЙДЕНА ОШИБКА I2C: TRANSFER ACK ERROR +++===
================================================================================
⌈ Адрес: 40 (Ошибка задней камеры)
⌈ Номер I2C контроллера: 0
⌈ Тактовая частота контроллера: 24960000 Гц
⌈ Целевая скорость шины: 400000 бит/с
⌈ Длина передачи: 2 байт
================================================================================
===----- КОНЕЦ ОШИБКИ I2C: TRANSFER ACK ERROR ------===
================================================================================

================================================================================
===+++ НАЙДЕНА ОШИБКА I2C: TRANSFER ACK ERROR +++===
================================================================================
⌈ Адрес: 40 (Ошибка задней камеры)
⌈ Номер I2C контроллера: 0
⌈ Тактовая частота контроллера: 24960000 Гц
⌈ Целевая скорость шины: 400000 бит/с
⌈ Длина передачи: 2 байт
================================================================================
===----- КОНЕЦ ОШИБКИ I2C: TRANSFER ACK ERROR ------===
================================================================================

================================================================================
===+++ НАЙДЕНА ОШИБКА I2C: TRANSFER ACK ERROR +++===
================================================================================
⌈ Адрес: 40 (Ошибка задней камеры)
⌈ Номер I2C контроллера: 0
⌈ Тактовая частота контроллера: 24960000 Гц
⌈ Целевая скорость шины: 400000 бит/с
⌈ Длина передачи: 2 байт
================================================================================
===----- КОНЕЦ ОШИБКИ I2C: TRANSFER ACK ERROR ------===
================================================================================

================================================================================
===+++ НАЙДЕНА ОШИБКА I2C: TRANSFER ACK ERROR +++===
================================================================================
⌈ Адрес: 40 (Ошибка задней камеры)
⌈ Номер I2C контроллера: 0
⌈ Тактовая частота контроллера: 24960000 Гц
⌈ Целевая скорость шины: 400000 бит/с
⌈ Длина передачи: 2 байт
================================================================================
===----- КОНЕЦ ОШИБКИ I2C: TRANSFER ACK ERROR ------===
================================================================================

================================================================================
===+++ НАЙДЕНА ОШИБКА I2C: TRANSFER ACK ERROR +++===
================================================================================
⌈ Адрес: 40 (Ошибка задней камеры)
⌈ Номер I2C контроллера: 0
⌈ Тактовая частота контроллера: 24960000 Гц
⌈ Целевая скорость шины: 400000 бит/с
⌈ Длина передачи: 2 байт
================================================================================
===----- КОНЕЦ ОШИБКИ I2C: TRANSFER ACK ERROR ------===
================================================================================

================================================================================
===+++ НАЙДЕНА ОШИБКА I2C: TRANSFER ACK ERROR +++===
================================================================================
⌈ Адрес: 40 (Ошибка задней камеры)
⌈ Номер I2C контроллера: 0
⌈ Тактовая частота контроллера: 24960000 Гц
⌈ Целевая скорость шины: 400000 бит/с
⌈ Длина передачи: 2 байт
================================================================================
===----- КОНЕЦ ОШИБКИ I2C: TRANSFER ACK ERROR ------===
================================================================================

================================================================================
===+++ НАЙДЕНА ОШИБКА I2C: TRANSFER ACK ERROR +++===
================================================================================
⌈ Адрес: 40 (Ошибка задней камеры)
⌈ Номер I2C контроллера: 0
⌈ Тактовая частота контроллера: 24960000 Гц
⌈ Целевая скорость шины: 400000 бит/с
⌈ Длина передачи: 2 байт
================================================================================
===----- КОНЕЦ ОШИБКИ I2C: TRANSFER ACK ERROR ------===
================================================================================

================================================================================
===+++ НАЙДЕНА ОШИБКА I2C: TRANSFER ACK ERROR +++===
================================================================================
⌈ Адрес: 40 (Ошибка задней камеры)
⌈ Номер I2C контроллера: 0
⌈ Тактовая частота контроллера: 24960000 Гц
⌈ Целевая скорость шины: 400000 бит/с
⌈ Длина передачи: 2 байт
================================================================================
===----- КОНЕЦ ОШИБКИ I2C: TRANSFER ACK ERROR ------===
================================================================================

================================================================================
===+++ НАЙДЕНА ОШИБКА I2C: TRANSFER ACK ERROR +++===
================================================================================
⌈ Адрес: 40 (Ошибка задней камеры)
⌈ Номер I2C контроллера: 0
⌈ Тактовая частота контроллера: 24960000 Гц
⌈ Целевая скорость шины: 400000 бит/с
⌈ Длина передачи: 2 байт
================================================================================
===----- КОНЕЦ ОШИБКИ I2C: TRANSFER ACK ERROR ------===
================================================================================

================================================================================
===+++ НАЙДЕНА ОШИБКА I2C: TRANSFER ACK ERROR +++===
================================================================================
⌈ Адрес: 40 (Ошибка задней камеры)
⌈ Номер I2C контроллера: 0
⌈ Тактовая частота контроллера: 24960000 Гц
⌈ Целевая скорость шины: 400000 бит/с
⌈ Длина передачи: 2 байт
================================================================================
===----- КОНЕЦ ОШИБКИ I2C: TRANSFER ACK ERROR ------===
================================================================================

================================================================================
===+++ НАЙДЕНА ОШИБКА I2C: TRANSFER ACK ERROR +++===
================================================================================
⌈ Адрес: 41 (Ошибка передней камеры)
⌈ Номер I2C контроллера: 0
⌈ Тактовая частота контроллера: 24960000 Гц
⌈ Целевая скорость шины: 400000 бит/с
⌈ Длина передачи: 2 байт
================================================================================
===----- КОНЕЦ ОШИБКИ I2C: TRANSFER ACK ERROR ------===
================================================================================

================================================================================
===+++ НАЙДЕНА ОШИБКА I2C: TRANSFER ACK ERROR +++===
================================================================================
⌈ Адрес: 40 (Ошибка задней камеры)
⌈ Номер I2C контроллера: 0
⌈ Тактовая частота контроллера: 24960000 Гц
⌈ Целевая скорость шины: 400000 бит/с
⌈ Длина передачи: 2 байт
================================================================================
===----- КОНЕЦ ОШИБКИ I2C: TRANSFER ACK ERROR ------===
================================================================================

================================================================================
===+++ НАЙДЕНА ОШИБКА I2C: TRANSFER ACK ERROR +++===
================================================================================
⌈ Адрес: 42 (Ошибка левой камеры)
⌈ Номер I2C контроллера: 0
⌈ Тактовая частота контроллера: 24960000 Гц
⌈ Целевая скорость шины: 400000 бит/с
⌈ Длина передачи: 2 байт
================================================================================
===----- КОНЕЦ ОШИБКИ I2C: TRANSFER ACK ERROR ------===
================================================================================

================================================================================
===+++ НАЙДЕНА ОШИБКА I2C: TRANSFER ACK ERROR +++===
================================================================================
⌈ Адрес: 40 (Ошибка задней камеры)
⌈ Номер I2C контроллера: 0
⌈ Тактовая частота контроллера: 24960000 Гц
⌈ Целевая скорость шины: 400000 бит/с
⌈ Длина передачи: 2 байт
================================================================================
===----- КОНЕЦ ОШИБКИ I2C: TRANSFER ACK ERROR ------===
================================================================================

================================================================================
===+++ НАЙДЕНА ОШИБКА I2C: TRANSFER ACK ERROR +++===
================================================================================
⌈ Адрес: 43 (Ошибка правой камеры)
⌈ Номер I2C контроллера: 0
⌈ Тактовая частота контроллера: 24960000 Гц
⌈ Целевая скорость шины: 400000 бит/с
⌈ Длина передачи: 2 байт
================================================================================
===----- КОНЕЦ ОШИБКИ I2C: TRANSFER ACK ERROR ------===
================================================================================

================================================================================
===+++ НАЙДЕНА ОШИБКА I2C: TRANSFER ACK ERROR +++===
================================================================================
⌈ Адрес: 40 (Ошибка задней камеры)
⌈ Номер I2C контроллера: 0
⌈ Тактовая частота контроллера: 24960000 Гц
⌈ Целевая скорость шины: 400000 бит/с
⌈ Длина передачи: 2 байт
================================================================================
===----- КОНЕЦ ОШИБКИ I2C: TRANSFER ACK ERROR ------===
================================================================================

================================================================================
===+++ НАЙДЕНА ОШИБКА I2C: TRANSFER ACK ERROR +++===
================================================================================
⌈ Адрес: 44
⌈ Номер I2C контроллера: 0
⌈ Тактовая частота контроллера: 24960000 Гц
⌈ Целевая скорость шины: 400000 бит/с
⌈ Длина передачи: 2 байт
================================================================================
===----- КОНЕЦ ОШИБКИ I2C: TRANSFER ACK ERROR ------===
================================================================================

================================================================================
===+++ НАЙДЕНА ОШИБКА I2C: TRANSFER ACK ERROR +++===
================================================================================
⌈ Адрес: 40 (Ошибка задней камеры)
⌈ Номер I2C контроллера: 0
⌈ Тактовая частота контроллера: 24960000 Гц
⌈ Целевая скорость шины: 400000 бит/с
⌈ Длина передачи: 2 байт
================================================================================
===----- КОНЕЦ ОШИБКИ I2C: TRANSFER ACK ERROR ------===
================================================================================